2026-01-07 17:55:40,735 | ERROR | GET /api/ServerManagerUser/users | 1049 (42000): Unknown database 'ServerManagerUser'
Traceback (most recent call last):
  File "/home/sjeetoo/Desktop/globalApi/venv/lib/python3.12/site-packages/mysql/connector/connection_cext.py", line 354, in _open_connection
    self._cmysql.connect(**cnx_kwargs)
_mysql_connector.MySQLInterfaceError: Unknown database 'ServerManagerUser'

The above exception was the direct cause of the following exception:

Traceback (most recent call last):
  File "/home/sjeetoo/Desktop/globalApi/app/ServerManagerUser.py", line 18, in log_router_errors
    yield
  File "/home/sjeetoo/Desktop/globalApi/venv/lib/python3.12/site-packages/fastapi/routing.py", line 101, in app
    response = await f(request)
               ^^^^^^^^^^^^^^^^
  File "/home/sjeetoo/Desktop/globalApi/venv/lib/python3.12/site-packages/fastapi/routing.py", line 355, in app
    raw_response = await run_endpoint_function(
                   ^^^^^^^^^^^^^^^^^^^^^^^^^^^^
  File "/home/sjeetoo/Desktop/globalApi/venv/lib/python3.12/site-packages/fastapi/routing.py", line 243, in run_endpoint_function
    return await dependant.call(**values)
           ^^^^^^^^^^^^^^^^^^^^^^^^^^^^^^
  File "/home/sjeetoo/Desktop/globalApi/app/ServerManagerUser.py", line 43, in get_users
    rows = get("users", app_name=APP_NAME, limit=None)
           ^^^^^^^^^^^^^^^^^^^^^^^^^^^^^^^^^^^^^^^^^^^
  File "/home/sjeetoo/Desktop/globalApi/crud.py", line 127, in get
    return cast(List[Dict[str, Any]], fetch_all(query, params, app_name))
                                      ^^^^^^^^^^^^^^^^^^^^^^^^^^^^^^^^^^
  File "/home/sjeetoo/Desktop/globalApi/db.py", line 31, in fetch_all
    conn = get_connection(app_name)
           ^^^^^^^^^^^^^^^^^^^^^^^^
  File "/home/sjeetoo/Desktop/globalApi/db.py", line 27, in get_connection
    return mysql.connector.connect(**connect_kwargs)
           ^^^^^^^^^^^^^^^^^^^^^^^^^^^^^^^^^^^^^^^^^
  File "/home/sjeetoo/Desktop/globalApi/venv/lib/python3.12/site-packages/mysql/connector/pooling.py", line 322, in connect
    return CMySQLConnection(*args, **kwargs)
           ^^^^^^^^^^^^^^^^^^^^^^^^^^^^^^^^^
  File "/home/sjeetoo/Desktop/globalApi/venv/lib/python3.12/site-packages/mysql/connector/connection_cext.py", line 142, in __init__
    self.connect(**kwargs)
  File "/home/sjeetoo/Desktop/globalApi/venv/lib/python3.12/site-packages/mysql/connector/abstracts.py", line 1604, in connect
    self._open_connection()
  File "/home/sjeetoo/Desktop/globalApi/venv/lib/python3.12/site-packages/mysql/connector/connection_cext.py", line 360, in _open_connection
    raise get_mysql_exception(
mysql.connector.errors.ProgrammingError: 1049 (42000): Unknown database 'ServerManagerUser'
2026-01-07 17:57:18,590 | ERROR | GET /api/ServerManagerUser/users | 1049 (42000): Unknown database 'ServerManagerUser'
Traceback (most recent call last):
  File "/home/sjeetoo/Desktop/globalApi/venv/lib/python3.12/site-packages/mysql/connector/connection_cext.py", line 354, in _open_connection
    self._cmysql.connect(**cnx_kwargs)
_mysql_connector.MySQLInterfaceError: Unknown database 'ServerManagerUser'

The above exception was the direct cause of the following exception:

Traceback (most recent call last):
  File "/home/sjeetoo/Desktop/globalApi/app/ServerManagerUser.py", line 18, in log_router_errors
    yield
  File "/home/sjeetoo/Desktop/globalApi/venv/lib/python3.12/site-packages/fastapi/routing.py", line 101, in app
    response = await f(request)
               ^^^^^^^^^^^^^^^^
  File "/home/sjeetoo/Desktop/globalApi/venv/lib/python3.12/site-packages/fastapi/routing.py", line 355, in app
    raw_response = await run_endpoint_function(
                   ^^^^^^^^^^^^^^^^^^^^^^^^^^^^
  File "/home/sjeetoo/Desktop/globalApi/venv/lib/python3.12/site-packages/fastapi/routing.py", line 243, in run_endpoint_function
    return await dependant.call(**values)
           ^^^^^^^^^^^^^^^^^^^^^^^^^^^^^^
  File "/home/sjeetoo/Desktop/globalApi/app/ServerManagerUser.py", line 43, in get_users
    rows = get("users", app_name=APP_NAME, limit=None)
           ^^^^^^^^^^^^^^^^^^^^^^^^^^^^^^^^^^^^^^^^^^^
  File "/home/sjeetoo/Desktop/globalApi/crud.py", line 127, in get
    return cast(List[Dict[str, Any]], fetch_all(query, params, app_name))
                                      ^^^^^^^^^^^^^^^^^^^^^^^^^^^^^^^^^^
  File "/home/sjeetoo/Desktop/globalApi/db.py", line 31, in fetch_all
    conn = get_connection(app_name)
           ^^^^^^^^^^^^^^^^^^^^^^^^
  File "/home/sjeetoo/Desktop/globalApi/db.py", line 27, in get_connection
    return mysql.connector.connect(**connect_kwargs)
           ^^^^^^^^^^^^^^^^^^^^^^^^^^^^^^^^^^^^^^^^^
  File "/home/sjeetoo/Desktop/globalApi/venv/lib/python3.12/site-packages/mysql/connector/pooling.py", line 322, in connect
    return CMySQLConnection(*args, **kwargs)
           ^^^^^^^^^^^^^^^^^^^^^^^^^^^^^^^^^
  File "/home/sjeetoo/Desktop/globalApi/venv/lib/python3.12/site-packages/mysql/connector/connection_cext.py", line 142, in __init__
    self.connect(**kwargs)
  File "/home/sjeetoo/Desktop/globalApi/venv/lib/python3.12/site-packages/mysql/connector/abstracts.py", line 1604, in connect
    self._open_connection()
  File "/home/sjeetoo/Desktop/globalApi/venv/lib/python3.12/site-packages/mysql/connector/connection_cext.py", line 360, in _open_connection
    raise get_mysql_exception(
mysql.connector.errors.ProgrammingError: 1049 (42000): Unknown database 'ServerManagerUser'
2026-01-07 17:57:19,971 | ERROR | GET /api/ServerManagerUser/users | 1049 (42000): Unknown database 'ServerManagerUser'
Traceback (most recent call last):
  File "/home/sjeetoo/Desktop/globalApi/venv/lib/python3.12/site-packages/mysql/connector/connection_cext.py", line 354, in _open_connection
    self._cmysql.connect(**cnx_kwargs)
_mysql_connector.MySQLInterfaceError: Unknown database 'ServerManagerUser'

The above exception was the direct cause of the following exception:

Traceback (most recent call last):
  File "/home/sjeetoo/Desktop/globalApi/app/ServerManagerUser.py", line 18, in log_router_errors
    yield
  File "/home/sjeetoo/Desktop/globalApi/venv/lib/python3.12/site-packages/fastapi/routing.py", line 101, in app
    response = await f(request)
               ^^^^^^^^^^^^^^^^
  File "/home/sjeetoo/Desktop/globalApi/venv/lib/python3.12/site-packages/fastapi/routing.py", line 355, in app
    raw_response = await run_endpoint_function(
                   ^^^^^^^^^^^^^^^^^^^^^^^^^^^^
  File "/home/sjeetoo/Desktop/globalApi/venv/lib/python3.12/site-packages/fastapi/routing.py", line 243, in run_endpoint_function
    return await dependant.call(**values)
           ^^^^^^^^^^^^^^^^^^^^^^^^^^^^^^
  File "/home/sjeetoo/Desktop/globalApi/app/ServerManagerUser.py", line 43, in get_users
    rows = get("users", app_name=APP_NAME, limit=None)
           ^^^^^^^^^^^^^^^^^^^^^^^^^^^^^^^^^^^^^^^^^^^
  File "/home/sjeetoo/Desktop/globalApi/crud.py", line 127, in get
    return cast(List[Dict[str, Any]], fetch_all(query, params, app_name))
                                      ^^^^^^^^^^^^^^^^^^^^^^^^^^^^^^^^^^
  File "/home/sjeetoo/Desktop/globalApi/db.py", line 31, in fetch_all
    conn = get_connection(app_name)
           ^^^^^^^^^^^^^^^^^^^^^^^^
  File "/home/sjeetoo/Desktop/globalApi/db.py", line 27, in get_connection
    return mysql.connector.connect(**connect_kwargs)
           ^^^^^^^^^^^^^^^^^^^^^^^^^^^^^^^^^^^^^^^^^
  File "/home/sjeetoo/Desktop/globalApi/venv/lib/python3.12/site-packages/mysql/connector/pooling.py", line 322, in connect
    return CMySQLConnection(*args, **kwargs)
           ^^^^^^^^^^^^^^^^^^^^^^^^^^^^^^^^^
  File "/home/sjeetoo/Desktop/globalApi/venv/lib/python3.12/site-packages/mysql/connector/connection_cext.py", line 142, in __init__
    self.connect(**kwargs)
  File "/home/sjeetoo/Desktop/globalApi/venv/lib/python3.12/site-packages/mysql/connector/abstracts.py", line 1604, in connect
    self._open_connection()
  File "/home/sjeetoo/Desktop/globalApi/venv/lib/python3.12/site-packages/mysql/connector/connection_cext.py", line 360, in _open_connection
    raise get_mysql_exception(
mysql.connector.errors.ProgrammingError: 1049 (42000): Unknown database 'ServerManagerUser'
2026-01-07 18:00:17,561 | ERROR | GET /api/ServerManagerUser/users | 1049 (42000): Unknown database 'ServerManagerUser'
Traceback (most recent call last):
  File "/home/sjeetoo/Desktop/globalApi/venv/lib/python3.12/site-packages/mysql/connector/connection_cext.py", line 354, in _open_connection
    self._cmysql.connect(**cnx_kwargs)
_mysql_connector.MySQLInterfaceError: Unknown database 'ServerManagerUser'

The above exception was the direct cause of the following exception:

Traceback (most recent call last):
  File "/home/sjeetoo/Desktop/globalApi/app/server_management.py", line 18, in log_router_errors
    yield
  File "/home/sjeetoo/Desktop/globalApi/venv/lib/python3.12/site-packages/fastapi/routing.py", line 101, in app
    response = await f(request)
               ^^^^^^^^^^^^^^^^
  File "/home/sjeetoo/Desktop/globalApi/venv/lib/python3.12/site-packages/fastapi/routing.py", line 355, in app
    raw_response = await run_endpoint_function(
                   ^^^^^^^^^^^^^^^^^^^^^^^^^^^^
  File "/home/sjeetoo/Desktop/globalApi/venv/lib/python3.12/site-packages/fastapi/routing.py", line 243, in run_endpoint_function
    return await dependant.call(**values)
           ^^^^^^^^^^^^^^^^^^^^^^^^^^^^^^
  File "/home/sjeetoo/Desktop/globalApi/app/server_management.py", line 43, in get_users
    rows = get("users", app_name=APP_NAME, limit=None)
           ^^^^^^^^^^^^^^^^^^^^^^^^^^^^^^^^^^^^^^^^^^^
  File "/home/sjeetoo/Desktop/globalApi/crud.py", line 127, in get
    return cast(List[Dict[str, Any]], fetch_all(query, params, app_name))
                                      ^^^^^^^^^^^^^^^^^^^^^^^^^^^^^^^^^^
  File "/home/sjeetoo/Desktop/globalApi/db.py", line 31, in fetch_all
    conn = get_connection(app_name)
           ^^^^^^^^^^^^^^^^^^^^^^^^
  File "/home/sjeetoo/Desktop/globalApi/db.py", line 27, in get_connection
    return mysql.connector.connect(**connect_kwargs)
           ^^^^^^^^^^^^^^^^^^^^^^^^^^^^^^^^^^^^^^^^^
  File "/home/sjeetoo/Desktop/globalApi/venv/lib/python3.12/site-packages/mysql/connector/pooling.py", line 322, in connect
    return CMySQLConnection(*args, **kwargs)
           ^^^^^^^^^^^^^^^^^^^^^^^^^^^^^^^^^
  File "/home/sjeetoo/Desktop/globalApi/venv/lib/python3.12/site-packages/mysql/connector/connection_cext.py", line 142, in __init__
    self.connect(**kwargs)
  File "/home/sjeetoo/Desktop/globalApi/venv/lib/python3.12/site-packages/mysql/connector/abstracts.py", line 1604, in connect
    self._open_connection()
  File "/home/sjeetoo/Desktop/globalApi/venv/lib/python3.12/site-packages/mysql/connector/connection_cext.py", line 360, in _open_connection
    raise get_mysql_exception(
mysql.connector.errors.ProgrammingError: 1049 (42000): Unknown database 'ServerManagerUser'
2026-01-07 18:00:18,820 | ERROR | GET /api/ServerManagerUser/users | 1049 (42000): Unknown database 'ServerManagerUser'
Traceback (most recent call last):
  File "/home/sjeetoo/Desktop/globalApi/venv/lib/python3.12/site-packages/mysql/connector/connection_cext.py", line 354, in _open_connection
    self._cmysql.connect(**cnx_kwargs)
_mysql_connector.MySQLInterfaceError: Unknown database 'ServerManagerUser'

The above exception was the direct cause of the following exception:

Traceback (most recent call last):
  File "/home/sjeetoo/Desktop/globalApi/app/server_management.py", line 18, in log_router_errors
    yield
  File "/home/sjeetoo/Desktop/globalApi/venv/lib/python3.12/site-packages/fastapi/routing.py", line 101, in app
    response = await f(request)
               ^^^^^^^^^^^^^^^^
  File "/home/sjeetoo/Desktop/globalApi/venv/lib/python3.12/site-packages/fastapi/routing.py", line 355, in app
    raw_response = await run_endpoint_function(
                   ^^^^^^^^^^^^^^^^^^^^^^^^^^^^
  File "/home/sjeetoo/Desktop/globalApi/venv/lib/python3.12/site-packages/fastapi/routing.py", line 243, in run_endpoint_function
    return await dependant.call(**values)
           ^^^^^^^^^^^^^^^^^^^^^^^^^^^^^^
  File "/home/sjeetoo/Desktop/globalApi/app/server_management.py", line 43, in get_users
    rows = get("users", app_name=APP_NAME, limit=None)
           ^^^^^^^^^^^^^^^^^^^^^^^^^^^^^^^^^^^^^^^^^^^
  File "/home/sjeetoo/Desktop/globalApi/crud.py", line 127, in get
    return cast(List[Dict[str, Any]], fetch_all(query, params, app_name))
                                      ^^^^^^^^^^^^^^^^^^^^^^^^^^^^^^^^^^
  File "/home/sjeetoo/Desktop/globalApi/db.py", line 31, in fetch_all
    conn = get_connection(app_name)
           ^^^^^^^^^^^^^^^^^^^^^^^^
  File "/home/sjeetoo/Desktop/globalApi/db.py", line 27, in get_connection
    return mysql.connector.connect(**connect_kwargs)
           ^^^^^^^^^^^^^^^^^^^^^^^^^^^^^^^^^^^^^^^^^
  File "/home/sjeetoo/Desktop/globalApi/venv/lib/python3.12/site-packages/mysql/connector/pooling.py", line 322, in connect
    return CMySQLConnection(*args, **kwargs)
           ^^^^^^^^^^^^^^^^^^^^^^^^^^^^^^^^^
  File "/home/sjeetoo/Desktop/globalApi/venv/lib/python3.12/site-packages/mysql/connector/connection_cext.py", line 142, in __init__
    self.connect(**kwargs)
  File "/home/sjeetoo/Desktop/globalApi/venv/lib/python3.12/site-packages/mysql/connector/abstracts.py", line 1604, in connect
    self._open_connection()
  File "/home/sjeetoo/Desktop/globalApi/venv/lib/python3.12/site-packages/mysql/connector/connection_cext.py", line 360, in _open_connection
    raise get_mysql_exception(
mysql.connector.errors.ProgrammingError: 1049 (42000): Unknown database 'ServerManagerUser'
